TN:
SF:/Users/fauzimohd/code/projects/acronic-todo-list/src/App.vue
FN:17,(anonymous_1)
FNF:1
FNH:1
FNDA:2,(anonymous_1)
DA:9,1
DA:10,1
DA:18,2
LF:3
LH:3
BRF:0
BRH:0
end_of_record
TN:
SF:/Users/fauzimohd/code/projects/acronic-todo-list/src/components/Activity.vue
FN:20,(anonymous_1)
FN:25,(anonymous_2)
FN:28,(anonymous_3)
FN:35,(anonymous_4)
FNF:4
FNH:3
FNDA:0,(anonymous_1)
FNDA:9,(anonymous_2)
FNDA:1,(anonymous_3)
FNDA:1,(anonymous_4)
DA:14,2
DA:20,0
DA:26,9
DA:29,1
DA:36,1
LF:5
LH:4
BRF:0
BRH:0
end_of_record
TN:
SF:/Users/fauzimohd/code/projects/acronic-todo-list/src/components/TodoList.vue
FN:34,(anonymous_1)
FN:45,(anonymous_2)
FNF:2
FNH:2
FNDA:5,(anonymous_1)
FNDA:3,(anonymous_2)
DA:29,1
DA:30,1
DA:31,1
DA:35,5
DA:46,3
DA:47,1
DA:48,1
DA:50,2
DA:55,2
DA:56,2
LF:10
LH:10
BRDA:46,0,0,1
BRDA:46,0,1,2
BRF:2
BRH:2
end_of_record
